13-Jun-2019 10:33:58.218 WARNING [ForkJoinPool-1-worker-3] org.apache.catalina.loader.WebappClassLoaderBase.findClass Security exception trying to find class [org.kie.internal.builder.ResourceChange$Type] in findClassInternal [access denied ("java.io.FilePermission" "/var/lib/tomcat9/webapps/test/WEB-INF/classes/org/kie/internal/builder/ResourceChange$Type.class" "read")]
 java.security.AccessControlException: access denied ("java.io.FilePermission" "/var/lib/tomcat9/webapps/test/WEB-INF/classes/org/kie/internal/builder/ResourceChange$Type.class" "read")
        at java.base/java.security.AccessControlContext.checkPermission(AccessControlContext.java:472)
        at java.base/java.security.AccessController.checkPermission(AccessController.java:895)
        at java.base/java.lang.SecurityManager.checkPermission(SecurityManager.java:322)
        at java.base/java.lang.SecurityManager.checkRead(SecurityManager.java:661)
        at java.base/java.io.File.exists(File.java:815)
        at org.apache.catalina.webresources.DirResourceSet.getResource(DirResourceSet.java:105)
        at org.apache.catalina.webresources.StandardRoot.getResourceInternal(StandardRoot.java:281)
        at org.apache.catalina.webresources.Cache.getResource(Cache.java:62)
        at org.apache.catalina.webresources.StandardRoot.getResource(StandardRoot.java:216)
        at org.apache.catalina.webresources.StandardRoot.getClassLoaderResource(StandardRoot.java:225)
        at org.apache.catalina.loader.WebappClassLoaderBase.findClassInternal(WebappClassLoaderBase.java:2299)
        at org.apache.catalina.loader.WebappClassLoaderBase.findClass(WebappClassLoaderBase.java:863)
        at org.apache.catalina.loader.WebappClassLoaderBase.loadClass(WebappClassLoaderBase.java:1332)
        at org.apache.catalina.loader.WebappClassLoaderBase.loadClass(WebappClassLoaderBase.java:1186)
        at org.drools.compiler.builder.impl.KnowledgeBuilderImpl.lambda$null$2(KnowledgeBuilderImpl.java:1157)
        at java.base/java.util.stream.ReferencePipeline$2$1.accept(ReferencePipeline.java:176)
        at java.base/java.util.ArrayList$ArrayListSpliterator.forEachRemaining(ArrayList.java:1654)
        at java.base/java.util.stream.AbstractPipeline.copyInto(AbstractPipeline.java:484)
        at java.base/java.util.stream.ForEachOps$ForEachTask.compute(ForEachOps.java:290)
        at java.base/java.util.concurrent.CountedCompleter.exec(CountedCompleter.java:746)
        at java.base/java.util.concurrent.ForkJoinTask.doExec(ForkJoinTask.java:290)
        at java.base/java.util.concurrent.ForkJoinTask.doInvoke(ForkJoinTask.java:408)
        at java.base/java.util.concurrent.ForkJoinTask.invoke(ForkJoinTask.java:736)
        at java.base/java.util.stream.ForEachOps$ForEachOp.evaluateParallel(ForEachOps.java:159)
        at java.base/java.util.stream.ForEachOps$ForEachOp$OfRef.evaluateParallel(ForEachOps.java:173)
        at java.base/java.util.stream.AbstractPipeline.evaluate(AbstractPipeline.java:233)
        at java.base/java.util.stream.ReferencePipeline.forEach(ReferencePipeline.java:497)
        at org.drools.compiler.builder.impl.KnowledgeBuilderImpl.lambda$compileRulesLevel$4(KnowledgeBuilderImpl.java:1158)
        at java.base/java.util.concurrent.ForkJoinTask$AdaptedRunnableAction.exec(ForkJoinTask.java:1407)
        at java.base/java.util.concurrent.ForkJoinTask.doExec(ForkJoinTask.java:290)
        at java.base/java.util.concurrent.ForkJoinPool$WorkQueue.topLevelExec(ForkJoinPool.java:1020)
        at java.base/java.util.concurrent.ForkJoinPool.scan(ForkJoinPool.java:1656)
        at java.base/java.util.concurrent.ForkJoinPool.runWorker(ForkJoinPool.java:1594)
        at java.base/java.util.concurrent.ForkJoinWorkerThread.run(ForkJoinWorkerThread.java:177)
